{
  "RSpec": {
    "coverage": {
      "/Users/DavidsAir/Desktop/Epi_git/Epi_W12_stack/spec/features/users_signup_spec.rb": [
        1,
        null,
        1,
        1,
        1,
        null,
        1,
        1,
        0,
        null,
        0,
        0,
        0,
        0,
        null,
        0,
        null,
        null
      ],
      "/Users/DavidsAir/Desktop/Epi_git/Epi_W12_stack/spec/rails_helper.rb": [
        null,
        1,
        1,
        null,
        1,
        1,
        1,
        1,
        null,
        null,
        null,
        null,
        null,
        null,
        null,
        null,
        null,
        null,
        null,
        null,
        null,
        null,
        null,
        null,
        null,
        null,
        null,
        1,
        null,
        1,
        null,
        1,
        null,
        null,
        null,
        null,
        1,
        null,
        null,
        null,
        null,
        null,
        null,
        null,
        null,
        null,
        null,
        null,
        null,
        null,
        null,
        1,
        null
      ],
      "/Users/DavidsAir/Desktop/Epi_git/Epi_W12_stack/config/environment.rb": [
        null,
        1,
        null,
        null,
        1
      ],
      "/Users/DavidsAir/Desktop/Epi_git/Epi_W12_stack/config/application.rb": [
        1,
        null,
        1,
        null,
        1,
        1,
        1,
        1,
        1,
        1,
        1,
        null,
        null,
        null,
        null,
        1,
        null,
        1,
        1,
        null,
        null,
        null,
        null,
        null,
        null,
        null,
        null,
        null,
        null,
        null,
        null,
        null,
        1,
        null,
        null
      ],
      "/Users/DavidsAir/Desktop/Epi_git/Epi_W12_stack/config/boot.rb": [
        1,
        null,
        1
      ],
      "/Users/DavidsAir/Desktop/Epi_git/Epi_W12_stack/config/environments/test.rb": [
        1,
        null,
        null,
        null,
        null,
        null,
        null,
        1,
        null,
        null,
        null,
        null,
        1,
        null,
        null,
        1,
        1,
        null,
        null,
        1,
        1,
        null,
        null,
        1,
        null,
        null,
        1,
        null,
        null,
        null,
        null,
        1,
        null,
        null,
        1,
        null,
        null,
        1,
        null,
        null,
        null,
        null
      ],
      "/Users/DavidsAir/Desktop/Epi_git/Epi_W12_stack/config/initializers/assets.rb": [
        null,
        null,
        null,
        1,
        null,
        null,
        null,
        null,
        null,
        null,
        null
      ],
      "/Users/DavidsAir/Desktop/Epi_git/Epi_W12_stack/config/initializers/backtrace_silencers.rb": [
        null,
        null,
        null,
        null,
        null,
        null,
        null
      ],
      "/Users/DavidsAir/Desktop/Epi_git/Epi_W12_stack/config/initializers/cookies_serializer.rb": [
        null,
        null,
        1
      ],
      "/Users/DavidsAir/Desktop/Epi_git/Epi_W12_stack/config/initializers/filter_parameter_logging.rb": [
        null,
        null,
        null,
        1
      ],
      "/Users/DavidsAir/Desktop/Epi_git/Epi_W12_stack/config/initializers/inflections.rb": [
        null,
        null,
        null,
        null,
        null,
        null,
        null,
        null,
        null,
        null,
        null,
        null,
        null,
        null,
        null,
        null
      ],
      "/Users/DavidsAir/Desktop/Epi_git/Epi_W12_stack/config/initializers/mime_types.rb": [
        null,
        null,
        null,
        null
      ],
      "/Users/DavidsAir/Desktop/Epi_git/Epi_W12_stack/config/initializers/session_store.rb": [
        null,
        null,
        1
      ],
      "/Users/DavidsAir/Desktop/Epi_git/Epi_W12_stack/config/initializers/wrap_parameters.rb": [
        null,
        null,
        null,
        null,
        null,
        null,
        1,
        1,
        null,
        null,
        null,
        null,
        null,
        null
      ],
      "/Users/DavidsAir/Desktop/Epi_git/Epi_W12_stack/spec/factories.rb": [
        1,
        1,
        1,
        null,
        null
      ],
      "/Users/DavidsAir/Desktop/Epi_git/Epi_W12_stack/config/routes.rb": [
        1,
        1,
        null,
        1,
        1,
        1,
        null,
        1,
        1,
        null,
        null,
        1,
        1,
        null,
        null,
        null
      ],
      "/Users/DavidsAir/Desktop/Epi_git/Epi_W12_stack/app/helpers/application_helper.rb": [
        1,
        null
      ],
      "/Users/DavidsAir/Desktop/Epi_git/Epi_W12_stack/spec/models/answer_spec.rb": [
        1,
        null,
        1,
        2,
        2,
        null
      ],
      "/Users/DavidsAir/Desktop/Epi_git/Epi_W12_stack/app/models/answer.rb": [
        1,
        1,
        1,
        null,
        1,
        null
      ],
      "/Users/DavidsAir/Desktop/Epi_git/Epi_W12_stack/spec/models/question_spec.rb": [
        1,
        null,
        1,
        2,
        2,
        2,
        null,
        null
      ],
      "/Users/DavidsAir/Desktop/Epi_git/Epi_W12_stack/app/models/question.rb": [
        1,
        1,
        1,
        null,
        1,
        1,
        null,
        5,
        null,
        null
      ],
      "/Users/DavidsAir/Desktop/Epi_git/Epi_W12_stack/spec/models/user_spec.rb": [
        1,
        null,
        1,
        1,
        null,
        null,
        null,
        null,
        6,
        null,
        1,
        5,
        null,
        1,
        4,
        null,
        null,
        null,
        1,
        1,
        null,
        null,
        1,
        1,
        null,
        null,
        1,
        1,
        1,
        null,
        null,
        1,
        1,
        1,
        null,
        null,
        null,
        null,
        1,
        1,
        1,
        4,
        null,
        null,
        null,
        null,
        null,
        null,
        1,
        1,
        1,
        1,
        1,
        null,
        null,
        null,
        null
      ],
      "/Users/DavidsAir/Desktop/Epi_git/Epi_W12_stack/app/models/user.rb": [
        1,
        1,
        1,
        null,
        1,
        1,
        null,
        null,
        null,
        null,
        null,
        1,
        1,
        1,
        null,
        1,
        6,
        null,
        null,
        1,
        5,
        5,
        null,
        null,
        1,
        0,
        0,
        0,
        null,
        null,
        null,
        null,
        null
      ],
      "/Users/DavidsAir/Desktop/Epi_git/Epi_W12_stack/app/controllers/home_controller.rb": [
        1,
        1,
        null,
        null
      ],
      "/Users/DavidsAir/Desktop/Epi_git/Epi_W12_stack/app/controllers/application_controller.rb": [
        1,
        null,
        null,
        1,
        null,
        1,
        2,
        null,
        null,
        1,
        null
      ]
    },
    "timestamp": 1436332447
  }
}
